Build started 28-4-2014 19:50:04.
     1>Project "D:\Users\Jurjen\Documents\Visual Studio 2013\Projects\Sims3 mods\SimsOnline\MessageBuffer\MessageBuffer.vcxproj" on node 2 (Rebuild target(s)).
     1>ClCompile:
         D:\Program Files\Microsoft Visual Studio 12.0\VC\bin\CL.exe /c /Zi /nologo /W3 /WX- /sdl /O2 /Oi /Oy- /GL /D WIN32 /D NDEBUG /D _WINDOWS /D _USRDLL /D MESSAGEBUFFER_EXPORTS /D _WINDLL /D _UNICODE /D UNICODE /Gm- /EHsc /MD /GS /Gy /fp:precise /Zc:wchar_t /Zc:forScope /Yc"stdafx.h" /Fp"Release\MessageBuffer.pch" /Fo"Release\\" /Fd"Release\vc120.pdb" /Gd /TP /analyze- /errorReport:prompt stdafx.cpp
         stdafx.cpp
         D:\Program Files\Microsoft Visual Studio 12.0\VC\bin\CL.exe /c /Zi /nologo /W3 /WX- /sdl /O2 /Oi /Oy- /GL /D WIN32 /D NDEBUG /D _WINDOWS /D _USRDLL /D MESSAGEBUFFER_EXPORTS /D _WINDLL /D _UNICODE /D UNICODE /Gm- /EHsc /MD /GS /Gy /fp:precise /Zc:wchar_t /Zc:forScope /Fo"Release\\" /Fd"Release\vc120.pdb" /Gd /TP /analyze- /errorReport:prompt dllmain.cpp
         dllmain.cpp
         D:\Program Files\Microsoft Visual Studio 12.0\VC\bin\CL.exe /c /Zi /nologo /W3 /WX- /sdl /O2 /Oi /Oy- /GL /D WIN32 /D NDEBUG /D _WINDOWS /D _USRDLL /D MESSAGEBUFFER_EXPORTS /D _WINDLL /D _UNICODE /D UNICODE /Gm- /EHsc /MD /GS /Gy /fp:precise /Zc:wchar_t /Zc:forScope /Yu"stdafx.h" /Fp"Release\MessageBuffer.pch" /Fo"Release\\" /Fd"Release\vc120.pdb" /Gd /TP /analyze- /errorReport:prompt MessageBuffer.cpp
         MessageBuffer.cpp
       Link:
         D:\Program Files\Microsoft Visual Studio 12.0\VC\bin\link.exe /ERRORREPORT:PROMPT /OUT:"D:\Users\Jurjen\Documents\Visual Studio 2013\Projects\Sims3 mods\SimsOnline\SimsTcpClient\Release\MessageBuffer.dll" /INCREMENTAL:NO /NOLOGO kernel32.lib user32.lib gdi32.lib winspool.lib comdlg32.lib advapi32.lib shell32.lib ole32.lib oleaut32.lib uuid.lib odbc32.lib odbccp32.lib /MANIFEST /MANIFESTUAC:"level='asInvoker' uiAccess='false'" /manifest:embed /DEBUG /PDB:"D:\Users\Jurjen\Documents\Visual Studio 2013\Projects\Sims3 mods\SimsOnline\SimsTcpClient\Release\MessageBuffer.pdb" /SUBSYSTEM:WINDOWS /OPT:REF /OPT:ICF /LTCG /TLBID:1 /DYNAMICBASE /NXCOMPAT /IMPLIB:"D:\Users\Jurjen\Documents\Visual Studio 2013\Projects\Sims3 mods\SimsOnline\SimsTcpClient\Release\MessageBuffer.lib" /MACHINE:X86 /SAFESEH /DLL Release\dllmain.obj
         Release\MessageBuffer.obj
         Release\stdafx.obj
            Creating library D:\Users\Jurjen\Documents\Visual Studio 2013\Projects\Sims3 mods\SimsOnline\SimsTcpClient\Release\MessageBuffer.lib and object D:\Users\Jurjen\Documents\Visual Studio 2013\Projects\Sims3 mods\SimsOnline\SimsTcpClient\Release\MessageBuffer.exp
         Generating code
         Finished generating code
         MessageBuffer.vcxproj -> D:\Users\Jurjen\Documents\Visual Studio 2013\Projects\Sims3 mods\SimsOnline\SimsTcpClient\Release\MessageBuffer.dll
     1>Done Building Project "D:\Users\Jurjen\Documents\Visual Studio 2013\Projects\Sims3 mods\SimsOnline\MessageBuffer\MessageBuffer.vcxproj" (Rebuild target(s)).

Build succeeded.

Time Elapsed 00:00:00.84
